<?xml version="1.0" encoding="UTF-8"?>
<testng-results skipped="0" failed="0" total="1" passed="1">
  <reporter-output>
  </reporter-output>
  <suite name="Suite" duration-ms="59873" started-at="2020-03-31T09:45:49Z" finished-at="2020-03-31T09:46:49Z">
    <groups>
    </groups>
    <test name="SRide Application Test" duration-ms="59873" started-at="2020-03-31T09:45:49Z" finished-at="2020-03-31T09:46:49Z">
      <class name="appiumTest.Sride.SRideMobileAppTest">
        <test-method status="PASS" signature="init()[pri:0, instance:appiumTest.Sride.SRideMobileAppTest@1189dd52]" name="init" is-config="true" duration-ms="3028" started-at="2020-03-31T15:15:49Z" finished-at="2020-03-31T15:15:52Z">
          <reporter-output>
          </reporter-output>
        </test-method> <!-- init -->
        <test-method status="PASS" signature="test()[pri:0, instance:appiumTest.Sride.SRideMobileAppTest@1189dd52]" name="test" duration-ms="56822" started-at="2020-03-31T15:15:52Z" description="Verifying Myrides in My rides Tag" finished-at="2020-03-31T15:16:49Z">
          <reporter-output>
          </reporter-output>
        </test-method> <!-- test -->
        <test-method status="PASS" signature="getResult(org.testng.ITestResult)[pri:0, instance:appiumTest.Sride.SRideMobileAppTest@1189dd52]" name="getResult" is-config="true" duration-ms="4" started-at="2020-03-31T15:16:49Z" finished-at="2020-03-31T15:16:49Z">
          <params>
            <param index="0">
              <value>
                <![CDATA[[TestResult name=test status=SUCCESS method=SRideMobileAppTest.test()[pri:0, instance:appiumTest.Sride.SRideMobileAppTest@1189dd52] output={null}]]]>
              </value>
            </param>
          </params>
          <reporter-output>
          </reporter-output>
        </test-method> <!-- getResult -->
        <test-method status="PASS" signature="tearDown()[pri:0, instance:appiumTest.Sride.SRideMobileAppTest@1189dd52]" name="tearDown" is-config="true" duration-ms="0" started-at="2020-03-31T15:16:49Z" finished-at="2020-03-31T15:16:49Z">
          <reporter-output>
          </reporter-output>
        </test-method> <!-- tearDown -->
      </class> <!-- appiumTest.Sride.SRideMobileAppTest -->
    </test> <!-- SRide Application Test -->
  </suite> <!-- Suite -->
</testng-results>
